[2026-05-15 09:20:23] SHUVO BOT started — PID 995
[2026-05-15 09:20:27] SHUVO BOT started — PID 1020
[2026-05-15 09:23:08] NEW USER: 7813015957 (@king_ree | King 👑) joined
[2026-05-15 09:59:19] SHUVO BOT started — PID 2580
[2026-05-15 09:59:26] SHUVO BOT started — PID 2627
[2026-05-15 10:05:03] SHUVO BOT started — PID 2981
[2026-05-15 10:23:27] SHUVO BOT started — PID 3416
[2026-05-15 16:46:02] SHUVO BOT started — PID 231
[2026-05-15 16:46:35] NEW USER: 7762406848 (@Selleryuvrajmishra | Modder~X~Yuvraj) joined
[2026-05-15 16:46:50] LOG_SEND_ERROR: Timed out
[2026-05-15 16:46:50] LOG_SEND_ERROR: Timed out
[2026-05-15 16:46:51] LOG_SEND_ERROR: Timed out
[2026-05-15 16:46:51] LOG_SEND_ERROR: Timed out
[2026-05-15 16:46:52] LOG_SEND_ERROR: Flood control exceeded. Retry in 15 seconds
[2026-05-15 16:46:52] LOG_SEND_ERROR: Flood control exceeded. Retry in 15 seconds
[2026-05-15 16:46:52] LOG_SEND_ERROR: Flood control exceeded. Retry in 15 seconds
[2026-05-15 16:46:52] LOG_SEND_ERROR: Flood control exceeded. Retry in 15 seconds
[2026-05-15 16:46:52] LOG_SEND_ERROR: Flood control exceeded. Retry in 14 seconds
[2026-05-15 16:46:52] LOG_SEND_ERROR: Flood control exceeded. Retry in 14 seconds
[2026-05-15 16:46:53] LOG_SEND_ERROR: Flood control exceeded. Retry in 13 seconds
[2026-05-15 16:46:54] LOG_SEND_ERROR: Flood control exceeded. Retry in 12 seconds
[2026-05-15 17:46:34] SHUVO BOT started — PID 684
[2026-05-15 17:50:39] SHUVO BOT started — PID 1437
[2026-05-15 18:06:00] SHUVO BOT started — PID 2335
[2026-05-15 18:22:33] SHUVO BOT started — PID 3037
[2026-05-15 18:23:47] SHUVO BOT started — PID 3372
[2026-05-15 18:26:03] SHUVO BOT started — PID 3811
[2026-05-15 18:28:53] SHUVO BOT started — PID 4344
[2026-05-15 18:34:31] SHUVO BOT started — PID 4884
[2026-05-15 18:36:44] SHUVO BOT started — PID 5272
[2026-05-15 18:38:55] SHUVO BOT started — PID 5669
[2026-05-15 19:00:42] NEW USER: 8446135201 (@N/A | OX2) joined
[2026-05-15 19:52:50] SHUVO BOT started — PID 165
